[debug] [2025-09-04T08:55:59.637Z] ----------------------------------------------------------------------
[debug] [2025-09-04T08:55:59.647Z] Command:       C:\Program Files\nodejs\node.exe C:\Users\dolev\AppData\Local\npm-cache\_npx\ba4f1959e38407b5\node_modules\firebase-tools\lib\bin\firebase.js init dataconnect
[debug] [2025-09-04T08:55:59.648Z] CLI Version:   14.15.2
[debug] [2025-09-04T08:55:59.649Z] Platform:      win32
[debug] [2025-09-04T08:55:59.649Z] Node Version:  v22.12.0
[debug] [2025-09-04T08:55:59.650Z] Time:          Thu Sep 04 2025 10:55:59 GMT+0200 (Central European Summer Time)
[debug] [2025-09-04T08:55:59.651Z] ----------------------------------------------------------------------
[debug] 
[debug] [2025-09-04T08:55:59.659Z] >>> [apiv2][query] GET https://firebase-public.firebaseio.com/cli.json [none]
[debug] [2025-09-04T08:55:59.948Z] > command requires scopes: ["email","openid","https://www.googleapis.com/auth/cloudplatformprojects.readonly","https://www.googleapis.com/auth/firebase","https://www.googleapis.com/auth/cloud-platform"]
[debug] [2025-09-04T08:55:59.948Z] > authorizing via signed-in user (dolev.tenenboim@gmail.com)
[info] 
     ######## #### ########  ######## ########     ###     ######  ########
     ##        ##  ##     ## ##       ##     ##  ##   ##  ##       ##
     ######    ##  ########  ######   ########  #########  ######  ######
     ##        ##  ##    ##  ##       ##     ## ##     ##       ## ##
     ##       #### ##     ## ######## ########  ##     ##  ######  ########

You're about to initialize a Firebase project in this directory:

  C:\Users\dolev\AppData\Local\Tachidesk\webUI

[debug] [2025-09-04T08:56:00.358Z] <<< [apiv2][status] GET https://firebase-public.firebaseio.com/cli.json 200
[debug] [2025-09-04T08:56:00.359Z] <<< [apiv2][body] GET https://firebase-public.firebaseio.com/cli.json {"cloudBuildErrorAfter":1594252800000,"cloudBuildWarnAfter":1590019200000,"defaultNode10After":1594252800000,"minVersion":"3.0.5","node8DeploysDisabledAfter":1613390400000,"node8RuntimeDisabledAfter":1615809600000,"node8WarnAfter":1600128000000}
